<?xml version="1.0" encoding="UTF-8"?>
<coverage generated="1741198426954" clover="3.2.0">
  <project timestamp="1741198426954" name="All files">
    <metrics statements="19" coveredstatements="18" conditionals="2" coveredconditionals="1" methods="12" coveredmethods="12" elements="33" coveredelements="31" complexity="0" loc="19" ncloc="19" packages="1" files="5" classes="5"/>
    <file name="asyncTesting.js" path="C:\Users\edgar\Desktop\Mokymu-medziaga\11-js-jest\1-paskaita\asyncTesting.js">
      <metrics statements="3" coveredstatements="3" conditionals="0" coveredconditionals="0" methods="3" coveredmethods="3"/>
      <line num="2" count="1" type="stmt"/>
      <line num="3" count="1" type="stmt"/>
      <line num="7" count="1" type="stmt"/>
    </file>
    <file name="examplesTesting.js" path="C:\Users\edgar\Desktop\Mokymu-medziaga\11-js-jest\1-paskaita\examplesTesting.js">
      <metrics statements="8" coveredstatements="7" conditionals="2" coveredconditionals="1" methods="4" coveredmethods="4"/>
      <line num="1" count="1" type="stmt"/>
      <line num="4" count="2" type="stmt"/>
      <line num="7" count="2" type="stmt"/>
      <line num="8" count="2" type="stmt"/>
      <line num="9" count="2" type="cond" truecount="1" falsecount="1"/>
      <line num="10" count="0" type="stmt"/>
      <line num="13" count="2" type="stmt"/>
      <line num="22" count="1" type="stmt"/>
    </file>
    <file name="funkctionTesting.js" path="C:\Users\edgar\Desktop\Mokymu-medziaga\11-js-jest\1-paskaita\funkctionTesting.js">
      <metrics statements="4" coveredstatements="4" conditionals="0" coveredconditionals="0" methods="3" coveredmethods="3"/>
      <line num="2" count="2" type="stmt"/>
      <line num="5" count="1" type="stmt"/>
      <line num="8" count="1" type="stmt"/>
      <line num="10" count="1" type="stmt"/>
    </file>
    <file name="notCovered.js" path="C:\Users\edgar\Desktop\Mokymu-medziaga\11-js-jest\1-paskaita\notCovered.js">
      <metrics statements="1" coveredstatements="1" conditionals="0" coveredconditionals="0" methods="0" coveredmethods="0"/>
      <line num="1" count="1" type="stmt"/>
    </file>
    <file name="objectTesting.js" path="C:\Users\edgar\Desktop\Mokymu-medziaga\11-js-jest\1-paskaita\objectTesting.js">
      <metrics statements="3" coveredstatements="3" conditionals="0" coveredconditionals="0" methods="2" coveredmethods="2"/>
      <line num="2" count="1" type="stmt"/>
      <line num="8" count="1" type="stmt"/>
      <line num="14" count="1" type="stmt"/>
    </file>
  </project>
</coverage>
